<?xml version="1.0" encoding="UTF-8"?>
<!-- Generated by org.testng.reporters.JUnitReportReporter -->
<testsuite skipped="0" hostname="YKULKARNI-WX-LT" name="Amazon.AmazonWeb.HomePageAddCart" tests="1" failures="0" timestamp="2021-05-30T20:42:22 PDT" time="12.851" errors="0">
  <testcase name="SearchItem" time="12.851" classname="Amazon.AmazonWeb.HomePageAddCart"/>
  <system-out/>
</testsuite> <!-- Amazon.AmazonWeb.HomePageAddCart -->
